11:09:39.317 INFO [GridLauncherV3.launch] - Selenium build info: version: '3.13.0', revision: '2f0d292'
11:09:39.321 INFO [GridLauncherV3$1.launch] - Launching a standalone Selenium Server on port 4444
2018-08-21 11:09:39.523:INFO::main: Logging initialized @559ms to org.seleniumhq.jetty9.util.log.StdErrLog
11:09:39.717 INFO [SeleniumServer.boot] - Selenium Server is up and running on port 4444
11:09:40.208 INFO [ActiveSessionFactory.apply] - Capabilities are: {
  "acceptSslCerts": true,
  "browserName": "chrome",
  "chromeOptions": {
    "args": [
      "disable-web-security",
      "ignore-certificate-errors",
      "--test-type",
      "start-fullscreen"
    ],
    "prefs": {
      "credentials_enable_service": false,
      "profile.password_manager_enabled": false
    }
  },
  "javascriptEnabled": true,
  "name": "module"
}
11:09:40.211 INFO [ActiveSessionFactory.lambda$apply$11] - Matched factory org.openqa.selenium.remote.server.ServicedSession$Factory (provider: org.openqa.selenium.chrome.ChromeDriverService)
Starting ChromeDriver 2.33.506106 (8a06c39c4582fbfbab6966dbb1c38a9173bfb1a2) on port 44200
Only local connections are allowed.
11:09:41.481 INFO [ProtocolHandshake.createSession] - Detected dialect: OSS
11:09:41.862 INFO [RemoteSession$Factory.lambda$performHandshake$0] - Started new session be93f6e7692300d7968b7f84e1ee9aa8 (org.openqa.selenium.chrome.ChromeDriverService)
11:09:46.596 INFO [ActiveSessions$1.onStop] - Removing session be93f6e7692300d7968b7f84e1ee9aa8 (org.openqa.selenium.chrome.ChromeDriverService)
